<?xml version="1.0" encoding="UTF-8"?>
<!-- Generated by org.testng.reporters.JUnitXMLReporter -->
<testsuite ignored="1" hostname="Ajays-MacBook-Air.local" failures="0" tests="1" name="Default test" time="26.539" errors="0" timestamp="2022-06-17T15:03:14 IST">
  <testcase classname="com.infosys.testcases.LoginPageTest" name="validateLoginTest" time="6.387"/>
  <testcase classname="com.infosys.testcases.LoginPageTest" name="validateTitleTest" time="0.0">
    <ignored/>
  </testcase> <!-- validateTitleTest -->
</testsuite> <!-- Default test -->
