<?xml version="1.0" encoding="UTF-8"?>
<testng-results ignored="1" total="2" passed="1" failed="0" skipped="0">
  <reporter-output>
  </reporter-output>
  <suite started-at="2022-06-17T15:02:43 IST" name="Default suite" finished-at="2022-06-17T15:03:09 IST" duration-ms="26539">
    <groups>
    </groups>
    <test started-at="2022-06-17T15:02:43 IST" name="Default test" finished-at="2022-06-17T15:03:09 IST" duration-ms="26539">
      <class name="com.infosys.testcases.LoginPageTest">
        <test-method is-config="true" signature="setUp()[pri:0, instance:com.infosys.testcases.LoginPageTest@17046283]" started-at="2022-06-17T15:02:43 IST" name="setUp" finished-at="2022-06-17T15:03:02 IST" duration-ms="19771" status="PASS">
          <reporter-output>
          </reporter-output>
        </test-method> <!-- setUp -->
        <test-method signature="validateLoginTest()[pri:0, instance:com.infosys.testcases.LoginPageTest@17046283]" started-at="2022-06-17T15:03:02 IST" name="validateLoginTest" finished-at="2022-06-17T15:03:09 IST" duration-ms="6387" status="PASS">
          <reporter-output>
          </reporter-output>
        </test-method> <!-- validateLoginTest -->
        <test-method is-config="true" signature="closeSetUp()[pri:0, instance:com.infosys.testcases.LoginPageTest@17046283]" started-at="2022-06-17T15:03:09 IST" name="closeSetUp" finished-at="2022-06-17T15:03:09 IST" duration-ms="282" status="PASS">
          <reporter-output>
          </reporter-output>
        </test-method> <!-- closeSetUp -->
      </class> <!-- com.infosys.testcases.LoginPageTest -->
    </test> <!-- Default test -->
  </suite> <!-- Default suite -->
</testng-results>
